<?xml version="1.0" encoding="UTF-8"?>
<!-- Generated by org.testng.reporters.JUnitReportReporter -->
<testsuite name="org.emdcs.test.partsavailability.PartsAvailability" tests="1" time="30.458" ignored="0" failures="0" timestamp="10 Aug 2017 09:41:08 GMT" skipped="0" hostname="INHD0883" errors="0">
  <testcase name="verifyPartsAvailability" time="30.458" classname="org.emdcs.test.partsavailability.PartsAvailability"/>
</testsuite> <!-- org.emdcs.test.partsavailability.PartsAvailability -->
