<?xml version="1.0" encoding="UTF-8"?>
<!-- Generated by org.testng.reporters.JUnitReportReporter -->
<testsuite name="org.emdcs.test.partsview.VerifyInvoiceByPartNumber" tests="1" time="16.707" ignored="3" failures="0" timestamp="11 Aug 2017 05:37:40 GMT" skipped="0" hostname="INHD0883" errors="0">
  <testcase name="invoiceByPartNumber" time="16.707" classname="org.emdcs.test.partsview.VerifyInvoiceByPartNumber"/>
  <testcase name="tearDown" classname="core.Launchbrowser">
    <skipped/>
  </testcase> <!-- tearDown -->
  <testcase name="setUp" classname="core.Launchbrowser">
    <skipped/>
  </testcase> <!-- setUp -->
  <testcase name="exitbrowser" classname="core.Launchbrowser">
    <skipped/>
  </testcase> <!-- exitbrowser -->
</testsuite> <!-- org.emdcs.test.partsview.VerifyInvoiceByPartNumber -->
