<?xml version="1.0" encoding="UTF-8"?>
<!-- Generated by org.testng.reporters.JUnitReportReporter -->
<testsuite name="org.emdcs.test.partsavailability.PartsAvailability" tests="1" time="31.038" ignored="3" failures="0" timestamp="11 Aug 2017 05:37:40 GMT" skipped="0" hostname="INHD0883" errors="0">
  <testcase name="verifyPartsAvailability" time="31.038" classname="org.emdcs.test.partsavailability.PartsAvailability"/>
  <testcase name="tearDown" classname="core.Launchbrowser">
    <skipped/>
  </testcase> <!-- tearDown -->
  <testcase name="setUp" classname="core.Launchbrowser">
    <skipped/>
  </testcase> <!-- setUp -->
  <testcase name="exitbrowser" classname="core.Launchbrowser">
    <skipped/>
  </testcase> <!-- exitbrowser -->
</testsuite> <!-- org.emdcs.test.partsavailability.PartsAvailability -->
