<?xml version="1.0" encoding="UTF-8"?>
<!-- Generated by org.testng.reporters.JUnitReportReporter -->
<testsuite name="Testcase.MazdaSpecialRestrictedPartsOrderinTest" tests="1" time="56.227" ignored="0" failures="0" timestamp="26 May 2017 11:06:15 GMT" skipped="0" hostname="INHD0891" errors="0">
  <testcase name="Verify_MazdaSpecialRestrictedPartsOrderin" time="56.227" classname="Testcase.MazdaSpecialRestrictedPartsOrderinTest"/>
</testsuite> <!-- Testcase.MazdaSpecialRestrictedPartsOrderinTest -->
