<?xml version="1.0" encoding="UTF-8"?>
<!-- Generated by org.testng.reporters.JUnitReportReporter -->
<testsuite name="org.emdcs.test.partsview.VerifyViewSalesOrdersByInvoiceNumber" tests="1" time="20.674" ignored="0" failures="0" timestamp="18 Jul 2017 09:29:58 GMT" skipped="0" hostname="INHD0891" errors="0">
  <testcase name="invoiceNumber" time="20.674" classname="org.emdcs.test.partsview.VerifyViewSalesOrdersByInvoiceNumber"/>
</testsuite> <!-- org.emdcs.test.partsview.VerifyViewSalesOrdersByInvoiceNumber -->
