<?xml version="1.0" encoding="UTF-8"?>
<!-- Generated by org.testng.reporters.JUnitReportReporter -->
<testsuite name="Testcase.DMSSSOOrdering" tests="1" time="41.554" ignored="0" failures="0" timestamp="02 Jun 2017 08:29:20 GMT" skipped="0" hostname="INHD0891" errors="0">
  <testcase name="VerifyDMSSSOCancleOrder" time="41.554" classname="Testcase.DMSSSOOrdering"/>
</testsuite> <!-- Testcase.DMSSSOOrdering -->
