<?xml version="1.0" encoding="UTF-8"?>
<!-- Generated by org.testng.reporters.JUnitReportReporter -->
<testsuite name="org.emdcs.test.partsview.VerifytodaySalesOrders" tests="1" time="22.779" ignored="0" failures="0" timestamp="02 Aug 2017 06:14:54 GMT" skipped="0" hostname="INHD0883" errors="0">
  <testcase name="todaySalesOrders" time="22.779" classname="org.emdcs.test.partsview.VerifytodaySalesOrders"/>
</testsuite> <!-- org.emdcs.test.partsview.VerifytodaySalesOrders -->
