<?xml version="1.0" encoding="UTF-8"?>
<!-- Generated by org.testng.reporters.JUnitReportReporter -->
<testsuite name="Testcase.ServiceandPartsSalesBankOrderingTest" tests="1" time="52.912" ignored="0" failures="0" timestamp="01 Jun 2017 11:07:53 GMT" skipped="0" hostname="INHD0891" errors="0">
  <testcase name="Verify_ServiceandPartsSalesBankOrder" time="52.912" classname="Testcase.ServiceandPartsSalesBankOrderingTest"/>
</testsuite> <!-- Testcase.ServiceandPartsSalesBankOrderingTest -->
