<?xml version="1.0" encoding="UTF-8"?>
<!-- Generated by org.testng.reporters.JUnitReportReporter -->
<testsuite name="org.emdcs.test.partsview.PartsviewmenuTest" tests="1" time="19.986" ignored="0" failures="0" timestamp="18 Jul 2017 09:05:15 GMT" skipped="0" hostname="INHD0891" errors="0">
  <testcase name="todaySalesOrders" time="19.986" classname="org.emdcs.test.partsview.PartsviewmenuTest"/>
</testsuite> <!-- org.emdcs.test.partsview.PartsviewmenuTest -->
