<?xml version="1.0" encoding="UTF-8"?>
<!-- Generated by org.testng.reporters.JUnitReportReporter -->
<testsuite name="org.emdcs.test.partsavailability.PartsAvailability" tests="1" time="36.404" ignored="0" failures="0" timestamp="09 Aug 2017 10:50:01 GMT" skipped="0" hostname="INHD0883" errors="0">
  <testcase name="verifyPartsAvailability" time="36.404" classname="org.emdcs.test.partsavailability.PartsAvailability"/>
</testsuite> <!-- org.emdcs.test.partsavailability.PartsAvailability -->
