<?xml version="1.0" encoding="UTF-8"?>
<!-- Generated by org.testng.reporters.JUnitReportReporter -->
<testsuite name="org.emdcs.test.partsordering.CSOOrderingTest" tests="4" time="0.000" ignored="12" failures="0" timestamp="09 Aug 2017 10:53:11 GMT" skipped="4" hostname="INHD0883" errors="0">
  <testcase name="VerifyAddAdditionalParts" time="0.000" classname="org.emdcs.test.partsordering.CSOOrderingTest">
    <skipped/>
  </testcase> <!-- VerifyAddAdditionalParts -->
  <testcase name="Verifypartsinquiry" time="0.000" classname="org.emdcs.test.partsordering.CSOOrderingTest">
    <skipped/>
  </testcase> <!-- Verifypartsinquiry -->
  <testcase name="VerifyCSOpartsOrdering" time="0.000" classname="org.emdcs.test.partsordering.CSOOrderingTest">
    <skipped/>
  </testcase> <!-- VerifyCSOpartsOrdering -->
  <testcase name="VerifyCSOPartsReset" time="0.000" classname="org.emdcs.test.partsordering.CSOOrderingTest">
    <skipped/>
  </testcase> <!-- VerifyCSOPartsReset -->
  <testcase name="tearDown" classname="core.Launchbrowser">
    <skipped/>
  </testcase> <!-- tearDown -->
  <testcase name="tearDown" classname="core.Launchbrowser">
    <skipped/>
  </testcase> <!-- tearDown -->
  <testcase name="tearDown" classname="core.Launchbrowser">
    <skipped/>
  </testcase> <!-- tearDown -->
  <testcase name="tearDown" classname="core.Launchbrowser">
    <skipped/>
  </testcase> <!-- tearDown -->
  <testcase name="setUp" classname="core.Launchbrowser">
    <skipped/>
  </testcase> <!-- setUp -->
  <testcase name="setUp" classname="core.Launchbrowser">
    <skipped/>
  </testcase> <!-- setUp -->
  <testcase name="setUp" classname="core.Launchbrowser">
    <skipped/>
  </testcase> <!-- setUp -->
  <testcase name="setUp" classname="core.Launchbrowser">
    <skipped/>
  </testcase> <!-- setUp -->
  <testcase name="exitbrowser" classname="core.Launchbrowser">
    <skipped/>
  </testcase> <!-- exitbrowser -->
  <testcase name="exitbrowser" classname="core.Launchbrowser">
    <skipped/>
  </testcase> <!-- exitbrowser -->
  <testcase name="exitbrowser" classname="core.Launchbrowser">
    <skipped/>
  </testcase> <!-- exitbrowser -->
  <testcase name="exitbrowser" classname="core.Launchbrowser">
    <skipped/>
  </testcase> <!-- exitbrowser -->
</testsuite> <!-- org.emdcs.test.partsordering.CSOOrderingTest -->
