<?xml version="1.0" encoding="UTF-8"?>
<!-- Generated by org.testng.reporters.JUnitReportReporter -->
<testsuite name="org.emdcs.test.partsordering.ServiceandPartsSalesBankOrderingTest" tests="1" time="58.960" ignored="12" failures="0" timestamp="09 Aug 2017 10:53:11 GMT" skipped="0" hostname="INHD0883" errors="0">
  <testcase name="VerifyServiceandPartsSalesBankOrder" time="58.960" classname="org.emdcs.test.partsordering.ServiceandPartsSalesBankOrderingTest"/>
  <testcase name="tearDown" classname="core.Launchbrowser">
    <skipped/>
  </testcase> <!-- tearDown -->
  <testcase name="tearDown" classname="core.Launchbrowser">
    <skipped/>
  </testcase> <!-- tearDown -->
  <testcase name="tearDown" classname="core.Launchbrowser">
    <skipped/>
  </testcase> <!-- tearDown -->
  <testcase name="tearDown" classname="core.Launchbrowser">
    <skipped/>
  </testcase> <!-- tearDown -->
  <testcase name="setUp" classname="core.Launchbrowser">
    <skipped/>
  </testcase> <!-- setUp -->
  <testcase name="setUp" classname="core.Launchbrowser">
    <skipped/>
  </testcase> <!-- setUp -->
  <testcase name="setUp" classname="core.Launchbrowser">
    <skipped/>
  </testcase> <!-- setUp -->
  <testcase name="setUp" classname="core.Launchbrowser">
    <skipped/>
  </testcase> <!-- setUp -->
  <testcase name="exitbrowser" classname="core.Launchbrowser">
    <skipped/>
  </testcase> <!-- exitbrowser -->
  <testcase name="exitbrowser" classname="core.Launchbrowser">
    <skipped/>
  </testcase> <!-- exitbrowser -->
  <testcase name="exitbrowser" classname="core.Launchbrowser">
    <skipped/>
  </testcase> <!-- exitbrowser -->
  <testcase name="exitbrowser" classname="core.Launchbrowser">
    <skipped/>
  </testcase> <!-- exitbrowser -->
</testsuite> <!-- org.emdcs.test.partsordering.ServiceandPartsSalesBankOrderingTest -->
